<?xml version="1.0" encoding="UTF-8"?>
<!-- Generated by org.testng.reporters.JUnitXMLReporter -->
<testsuite hostname="dabudidabuday-HP-Beeline" name="Broken Link Test" tests="3" failures="0" timestamp="25 Jun 2019 03:54:40 GMT" time="35.205" errors="0">
  <testcase name="brokenLinkTest" time="23.606" classname="kz.beeline.test.testcases.BrokenLinksTest"/>
  <testcase name="brokenLinkTest" time="23.979" classname="kz.beeline.test.testcases.BrokenLinksTest"/>
  <testcase name="brokenLinkTest" time="24.022" classname="kz.beeline.test.testcases.BrokenLinksTest"/>
</testsuite> <!-- Broken Link Test -->
