<?xml version="1.0" encoding="UTF-8"?>
<!-- Generated by org.testng.reporters.JUnitXMLReporter -->
<testsuite hostname="dabudidabuday-HP-Beeline" name="Registration FirefoxTest" tests="3" failures="0" timestamp="25 Jun 2019 03:55:28 GMT" time="48.216" errors="0">
  <testcase name="test" time="12.262" classname="kz.beeline.test.testcases.RegistrationTest"/>
  <testcase name="test" time="14.917" classname="kz.beeline.test.testcases.RegistrationTest"/>
  <testcase name="test" time="13.506" classname="kz.beeline.test.testcases.RegistrationTest"/>
</testsuite> <!-- Registration FirefoxTest -->
