<?xml version="1.0" encoding="UTF-8"?>
<!-- Generated by org.testng.reporters.JUnitXMLReporter -->
<testsuite hostname="dabudidabuday-HP-Beeline" name="Registration ChromeTest" tests="3" failures="0" timestamp="25 Jun 2019 03:54:40 GMT" time="34.705" errors="0">
  <testcase name="test" time="8.343" classname="kz.beeline.test.testcases.RegistrationTest"/>
  <testcase name="test" time="6.842" classname="kz.beeline.test.testcases.RegistrationTest"/>
  <testcase name="test" time="7.773" classname="kz.beeline.test.testcases.RegistrationTest"/>
</testsuite> <!-- Registration ChromeTest -->
