<?xml version="1.0" encoding="UTF-8"?>
<testsuite xmlns:xsi="http://www.w3.org/2001/XMLSchema-instance" xsi:noNamespaceSchemaLocation="https://maven.apache.org/surefire/maven-surefire-plugin/xsd/surefire-test-report.xsd" name="TestSuite" time="84.1" tests="9" errors="0" skipped="0" failures="0">
  <properties>
[...]
</properties>
  <testcase name="test" classname="kz.beeline.test.testcases.RegistrationTest" time="8.363"/>
  <testcase name="test" classname="kz.beeline.test.testcases.RegistrationTest" time="6.842"/>
  <testcase name="test" classname="kz.beeline.test.testcases.RegistrationTest" time="7.775"/>
  <testcase name="test" classname="kz.beeline.test.testcases.RegistrationTest" time="12.262"/>
  <testcase name="test" classname="kz.beeline.test.testcases.RegistrationTest" time="14.918"/>
  <testcase name="test" classname="kz.beeline.test.testcases.RegistrationTest" time="13.506"/>
  <testcase name="brokenLinkTest" classname="kz.beeline.test.testcases.BrokenLinksTest" time="7.97"/>
  <testcase name="brokenLinkTest" classname="kz.beeline.test.testcases.BrokenLinksTest" time="8.344"/>
  <testcase name="brokenLinkTest" classname="kz.beeline.test.testcases.BrokenLinksTest" time="8.386"/>
</testsuite>